<?xml version="1.0" encoding="utf-8" standalone="no"?>
<!--This file represents the results of running a test suite-->
<test-results name="C:\Users\admin\Dropbox\Code\MMDB.UITest\MMDB.UITest.DotNetParser.Tests\MMDB.UITest.DotNetParser.Tests.csproj" total="1" errors="0" failures="1" not-run="0" inconclusive="0" ignored="0" skipped="0" invalid="0" date="2012-01-28" time="15:14:37">
  <environment nunit-version="2.5.10.11092" clr-version="2.0.50727.5448" os-version="Microsoft Windows NT 6.1.7601 Service Pack 1" platform="Win32NT" cwd="C:\Projects\Vault\packages\NUnit.2.5.10.11092\tools" machine-name="MOONEYLAPTOP7" user="admin" user-domain="MOONEYLAPTOP7" />
  <culture-info current-culture="en-US" current-uiculture="en-US" />
  <test-suite type="Project" name="C:\Users\admin\Dropbox\Code\MMDB.UITest\MMDB.UITest.DotNetParser.Tests\MMDB.UITest.DotNetParser.Tests.csproj" executed="True" result="Failure" success="False" time="0.100" asserts="0">
    <results>
      <test-suite type="Assembly" name="C:\Users\admin\Dropbox\Code\MMDB.UITest\MMDB.UITest.DotNetParser.Tests\bin\Debug\MMDB.UITest.DotNetParser.Tests.dll" executed="True" result="Failure" success="False" time="0.090" asserts="0">
        <results>
          <test-suite type="Namespace" name="MMDB" executed="True" result="Failure" success="False" time="0.090" asserts="0">
            <results>
              <test-suite type="Namespace" name="UITest" executed="True" result="Failure" success="False" time="0.090" asserts="0">
                <results>
                  <test-suite type="Namespace" name="DotNetParser" executed="True" result="Failure" success="False" time="0.080" asserts="0">
                    <results>
                      <test-suite type="Namespace" name="Tests" executed="True" result="Failure" success="False" time="0.080" asserts="0">
                        <results>
                          <test-suite type="TestFixture" name="ProjectTests" executed="True" result="Failure" success="False" time="0.080" asserts="0">
                            <results>
                              <test-case name="MMDB.UITest.DotNetParser.Tests.ProjectTests.ParseProject" executed="True" result="Failure" success="False" time="0.060" asserts="0">
                                <failure>
                                  <message><![CDATA[]]></message>
                                  <stack-trace><![CDATA[at MMDB.UITest.DotNetParser.Tests.ProjectTests.ParseProject() in C:\Users\admin\Dropbox\Code\MMDB.UITest\MMDB.UITest.DotNetParser.Tests\Class1.cs:line 15
]]></stack-trace>
                                </failure>
                              </test-case>
                            </results>
                          </test-suite>
                        </results>
                      </test-suite>
                    </results>
                  </test-suite>
                </results>
              </test-suite>
            </results>
          </test-suite>
        </results>
      </test-suite>
    </results>
  </test-suite>
</test-results>