<?xml version="1.0" encoding="utf-8" standalone="no"?>
<!--This file represents the results of running a test suite-->
<test-results name="C:\Users\admin\Dropbox\Code\MMDB.UITest\MMDB.UITest.DotNetParser\MMDB.UITest.DotNetParser.csproj" total="1" errors="1" failures="0" not-run="0" inconclusive="0" ignored="0" skipped="0" invalid="0" date="2012-01-29" time="14:08:58">
  <environment nunit-version="2.5.10.11092" clr-version="2.0.50727.5448" os-version="Microsoft Windows NT 6.1.7601 Service Pack 1" platform="Win32NT" cwd="C:\Projects\Vault\packages\NUnit.2.5.10.11092\tools" machine-name="MOONEYLAPTOP7" user="admin" user-domain="MOONEYLAPTOP7" />
  <culture-info current-culture="en-US" current-uiculture="en-US" />
  <test-suite type="Project" name="C:\Users\admin\Dropbox\Code\MMDB.UITest\MMDB.UITest.DotNetParser\MMDB.UITest.DotNetParser.csproj" executed="True" result="Failure" success="False" time="0.132" asserts="0">
    <results>
      <test-suite type="Assembly" name="C:\Users\admin\Dropbox\Code\MMDB.UITest\MMDB.UITest.DotNetParser\bin\Debug\MMDB.UITest.DotNetParser.dll" executed="True" result="Failure" success="False" time="0.117" asserts="0">
        <results>
          <test-suite type="Namespace" name="MMDB" executed="True" result="Failure" success="False" time="0.117" asserts="0">
            <results>
              <test-suite type="Namespace" name="UITest" executed="True" result="Failure" success="False" time="0.117" asserts="0">
                <results>
                  <test-suite type="Namespace" name="DotNetParser" executed="True" result="Failure" success="False" time="0.116" asserts="0">
                    <results>
                      <test-suite type="TestFixture" name="Tests" executed="True" result="Failure" success="False" time="0.115" asserts="0">
                        <results>
                          <test-case name="MMDB.UITest.DotNetParser.Tests.ParseBasicClass" executed="True" result="Error" success="False" time="0.082" asserts="0">
                            <failure>
                              <message><![CDATA[System.NotImplementedException : The method or operation is not implemented.]]></message>
                              <stack-trace><![CDATA[at MMDB.UITest.DotNetParser.ClassParser.ParseString(String data) in C:\Users\admin\Dropbox\Code\MMDB.UITest\MMDB.UITest.DotNetParser\ClassParser.cs:line 12
at MMDB.UITest.DotNetParser.Tests.ParseBasicClass() in C:\Users\admin\Dropbox\Code\MMDB.UITest\MMDB.UITest.DotNetParser\Tests.cs:line 43
]]></stack-trace>
                            </failure>
                          </test-case>
                        </results>
                      </test-suite>
                    </results>
                  </test-suite>
                </results>
              </test-suite>
            </results>
          </test-suite>
        </results>
      </test-suite>
    </results>
  </test-suite>
</test-results>